0 info it worked if it ends with ok
1 verbose cli [ '/usr/local/Cellar/node/5.1.0/bin/node',
1 verbose cli   '/usr/local/bin/npm',
1 verbose cli   'publish' ]
2 info using npm@3.3.12
3 info using node@v5.1.0
4 verbose publish [ '.' ]
5 silly cache add args [ '.', null ]
6 verbose cache add spec .
7 silly cache add parsed spec Result {
7 silly cache add   raw: '.',
7 silly cache add   scope: null,
7 silly cache add   name: null,
7 silly cache add   rawSpec: '.',
7 silly cache add   spec: '/Users/dennis/workspace/lunijs',
7 silly cache add   type: 'directory' }
8 verbose addLocalDirectory /Users/dennis/.npm/lunicorn/0.1.0/package.tgz not in flight; packing
9 info lifecycle lunicorn@0.1.0~prepublish: lunicorn@0.1.0
10 silly lifecycle lunicorn@0.1.0~prepublish: no script for prepublish, continuing
11 verbose tar pack [ '/Users/dennis/.npm/lunicorn/0.1.0/package.tgz',
11 verbose tar pack   '/Users/dennis/workspace/lunijs' ]
12 verbose tarball /Users/dennis/.npm/lunicorn/0.1.0/package.tgz
13 verbose folder /Users/dennis/workspace/lunijs
14 verbose addLocalTarball adding from inside cache /Users/dennis/.npm/lunicorn/0.1.0/package.tgz
15 silly cache afterAdd lunicorn@0.1.0
16 verbose afterAdd /Users/dennis/.npm/lunicorn/0.1.0/package/package.json not in flight; writing
17 verbose afterAdd /Users/dennis/.npm/lunicorn/0.1.0/package/package.json written
18 silly publish { name: 'lunicorn',
18 silly publish   version: '0.1.0',
18 silly publish   description: 'lunicorn js consumer',
18 silly publish   main: 'lib/index.js',
18 silly publish   license: 'MIT',
18 silly publish   scripts:
18 silly publish    { build: 'npm-run-all clean build:babel build:browserify build:uglify',
18 silly publish      'build:babel': 'babel src --presets babel-preset-es2015 --out-dir lib --source-maps inline',
18 silly publish      'build:browserify': 'browserify lib/browser.js -d | exorcist dist/lunicorn-$npm_package_version.js.map > dist/lunicorn-$npm_package_version.js',
18 silly publish      'build:uglify': 'uglifyjs  dist/lunicorn-$npm_package_version.js -c -m -r Lunicorn -o dist/lunicorn-$npm_package_version.min.js --source-map dist/lunicorn-$npm_package_version.min.js.map --in-source-map dist/lunicorn-$npm_package_version.js.map --source-map-include-sources -p relative',
18 silly publish      clean: 'rm -rf lib/* dist/*',
18 silly publish      test: 'echo "Error: no test specified" && exit 1' },
18 silly publish   repository:
18 silly publish    { type: 'git',
18 silly publish      url: 'git+ssh://git@github.com/zivity/lunijs.git' },
18 silly publish   author: '',
18 silly publish   bugs: { url: 'https://github.com/zivity/lunijs/issues' },
18 silly publish   homepage: 'https://github.com/zivity/lunijs#readme',
18 silly publish   dependencies: { 'pym.js': '^0.4.5' },
18 silly publish   devDependencies:
18 silly publish    { 'babel-cli': '^6.5.1',
18 silly publish      'babel-preset-es2015': '^6.5.0',
18 silly publish      browserify: '^13.0.0',
18 silly publish      exorcist: '^0.4.0',
18 silly publish      'npm-run-all': '^1.6.0',
18 silly publish      'uglify-js': '^2.6.2' },
18 silly publish   readme: '# Lunicorn!\n###### handling iframes with grace and chill.\n\n## installing\n\ndownload the packaged files in /dist (.min.js should work, but may be buggy)\nthese files contain pym.js, so if your project already includes pym, you\'ll want to build an alternate.\n\nor\n\nyou could npm at the github version of the module if you play that way.\n\n## using\n```html\n<script src=\'lunicorn-0.1.0.js\'></script>\n<div id="gimme-an-iframe"></div>\n\n<script>\n  var domId="gimme-an-iframe" //domId sans #\n  var url="luncicorn.biz/external_widget/datusertho")\n  \n  Luncicorn.createIframe(domId, url)\n<script>\n```\n\n### et VIOLA!\n\n\n\n#### Todo:\n- We still have to make the flash messaging stuff work off of ziv.\n- We should probably have it give a userId, rather than url\n',
18 silly publish   readmeFilename: 'README.md',
18 silly publish   gitHead: '900d08950728f7c706be2d5445c896a3b35ab18b',
18 silly publish   _id: 'lunicorn@0.1.0',
18 silly publish   _shasum: '4342b4651504f8ca137a9907d8eac3179dd43c3f',
18 silly publish   _from: '.' }
19 verbose getPublishConfig undefined
20 silly mapToRegistry name lunicorn
21 silly mapToRegistry using default registry
22 silly mapToRegistry registry https://registry.npmjs.org/
23 silly mapToRegistry uri https://registry.npmjs.org/lunicorn
24 verbose publish registryBase https://registry.npmjs.org/
25 silly publish uploading /Users/dennis/.npm/lunicorn/0.1.0/package.tgz
26 verbose stack Error: auth required for publishing
26 verbose stack     at CachingRegistryClient.publish (/usr/local/lib/node_modules/npm/node_modules/npm-registry-client/lib/publish.js:30:14)
26 verbose stack     at /usr/local/lib/node_modules/npm/lib/publish.js:137:14
26 verbose stack     at mapToRegistry (/usr/local/lib/node_modules/npm/lib/utils/map-to-registry.js:55:3)
26 verbose stack     at publish_ (/usr/local/lib/node_modules/npm/lib/publish.js:106:3)
26 verbose stack     at Array.<anonymous> (/usr/local/lib/node_modules/npm/node_modules/slide/lib/bind-actor.js:15:8)
26 verbose stack     at LOOP (/usr/local/lib/node_modules/npm/node_modules/slide/lib/chain.js:15:14)
26 verbose stack     at LOOP (/usr/local/lib/node_modules/npm/node_modules/slide/lib/chain.js:14:28)
26 verbose stack     at chain (/usr/local/lib/node_modules/npm/node_modules/slide/lib/chain.js:20:5)
26 verbose stack     at /usr/local/lib/node_modules/npm/lib/publish.js:72:5
26 verbose stack     at RES (/usr/local/lib/node_modules/npm/node_modules/inflight/inflight.js:23:14)
27 verbose cwd /Users/dennis/workspace/lunijs
28 error Darwin 14.5.0
29 error argv "/usr/local/Cellar/node/5.1.0/bin/node" "/usr/local/bin/npm" "publish"
30 error node v5.1.0
31 error npm  v3.3.12
32 error code ENEEDAUTH
33 error need auth auth required for publishing
33 error need auth You need to authorize this machine using `npm adduser`
34 verbose exit [ 1, true ]
